0 info it worked if it ends with ok
1 verbose cli [ '/usr/bin/node', '/usr/bin/npm', 'install', 'ng-s3upload' ]
2 info using npm@1.4.28
3 info using node@v0.10.37
4 verbose node symlink /usr/bin/node
5 verbose cache add [ 'ng-s3upload', null ]
6 verbose cache add name=undefined spec="ng-s3upload" args=["ng-s3upload",null]
7 verbose parsed url { protocol: null,
7 verbose parsed url   slashes: null,
7 verbose parsed url   auth: null,
7 verbose parsed url   host: null,
7 verbose parsed url   port: null,
7 verbose parsed url   hostname: null,
7 verbose parsed url   hash: null,
7 verbose parsed url   search: null,
7 verbose parsed url   query: null,
7 verbose parsed url   pathname: 'ng-s3upload',
7 verbose parsed url   path: 'ng-s3upload',
7 verbose parsed url   href: 'ng-s3upload' }
8 silly lockFile 3bfd34da-ng-s3upload ng-s3upload
9 verbose lock ng-s3upload /home/brechen/.npm/3bfd34da-ng-s3upload.lock
10 silly lockFile 3bfd34da-ng-s3upload ng-s3upload
11 silly lockFile 3bfd34da-ng-s3upload ng-s3upload
12 verbose addNamed [ 'ng-s3upload', '' ]
13 verbose addNamed [ null, '*' ]
14 silly lockFile 6691e0ef-ng-s3upload ng-s3upload@
15 verbose lock ng-s3upload@ /home/brechen/.npm/6691e0ef-ng-s3upload.lock
16 silly addNameRange { name: 'ng-s3upload', range: '*', hasData: false }
17 verbose request where is /ng-s3upload
18 verbose request registry https://registry.npmjs.org/
19 verbose request id c4c0e78b8b34df6b
20 verbose url raw /ng-s3upload
21 verbose url resolving [ 'https://registry.npmjs.org/', './ng-s3upload' ]
22 verbose url resolved https://registry.npmjs.org/ng-s3upload
23 verbose request where is https://registry.npmjs.org/ng-s3upload
24 info trying registry request attempt 1 at 21:32:22
25 http GET https://registry.npmjs.org/ng-s3upload
26 http 404 https://registry.npmjs.org/ng-s3upload
27 verbose headers { server: 'CouchDB/1.5.0 (Erlang OTP/R16B03)',
27 verbose headers   'content-type': 'application/json',
27 verbose headers   'cache-control': 'max-age=0',
27 verbose headers   'content-length': '51',
27 verbose headers   'accept-ranges': 'bytes',
27 verbose headers   date: 'Fri, 03 Jul 2015 02:32:23 GMT',
27 verbose headers   via: '1.1 varnish',
27 verbose headers   age: '0',
27 verbose headers   connection: 'keep-alive',
27 verbose headers   'x-served-by': 'cache-ord1720-ORD',
27 verbose headers   'x-cache': 'MISS',
27 verbose headers   'x-cache-hits': '0',
27 verbose headers   'x-timer': 'S1435890743.017641,VS0,VE308' }
28 silly registry.get cb [ 404,
28 silly registry.get   { server: 'CouchDB/1.5.0 (Erlang OTP/R16B03)',
28 silly registry.get     'content-type': 'application/json',
28 silly registry.get     'cache-control': 'max-age=0',
28 silly registry.get     'content-length': '51',
28 silly registry.get     'accept-ranges': 'bytes',
28 silly registry.get     date: 'Fri, 03 Jul 2015 02:32:23 GMT',
28 silly registry.get     via: '1.1 varnish',
28 silly registry.get     age: '0',
28 silly registry.get     connection: 'keep-alive',
28 silly registry.get     'x-served-by': 'cache-ord1720-ORD',
28 silly registry.get     'x-cache': 'MISS',
28 silly registry.get     'x-cache-hits': '0',
28 silly registry.get     'x-timer': 'S1435890743.017641,VS0,VE308' } ]
29 silly lockFile 6691e0ef-ng-s3upload ng-s3upload@
30 silly lockFile 6691e0ef-ng-s3upload ng-s3upload@
31 error 404 404 Not Found: ng-s3upload
31 error 404
31 error 404 'ng-s3upload' is not in the npm registry.
31 error 404 You should bug the author to publish it
31 error 404
31 error 404 Note that you can also install from a
31 error 404 tarball, folder, or http url, or git url.
32 error System Linux 3.13.0-37-generic
33 error command "/usr/bin/node" "/usr/bin/npm" "install" "ng-s3upload"
34 error cwd /home/brechen/Projects/bakery
35 error node -v v0.10.37
36 error npm -v 1.4.28
37 error code E404
38 verbose exit [ 1, true ]
